2023-08-05 16:08:02 INFO  LoginPage :38 - Enter userName field :[[ChromeDriver: chrome on WINDOWS (97ff78cbb8df817a9ec9f6b4836261d9)] -> id: user-name][[ChromeDriver: chrome on WINDOWS (97ff78cbb8df817a9ec9f6b4836261d9)] -> id: user-name]
2023-08-05 16:08:131 INFO  LoginPage :43 - Enter userName field :[[ChromeDriver: chrome on WINDOWS (97ff78cbb8df817a9ec9f6b4836261d9)] -> id: password][[ChromeDriver: chrome on WINDOWS (97ff78cbb8df817a9ec9f6b4836261d9)] -> id: password]
2023-08-05 16:08:335 INFO  LoginPage :48 - click on Login button[[ChromeDriver: chrome on WINDOWS (97ff78cbb8df817a9ec9f6b4836261d9)] -> id: login-button]
2023-08-05 16:08:386 INFO  LoginPage :53 - verify product text[[ChromeDriver: chrome on WINDOWS (97ff78cbb8df817a9ec9f6b4836261d9)] -> xpath: //span[@class = 'title']]
2023-08-05 16:08:79 INFO  LoginPage :38 - Enter userName field :[[ChromeDriver: chrome on WINDOWS (afc7c62e23271ecd91ea1c2ddf21cfac)] -> id: user-name][[ChromeDriver: chrome on WINDOWS (afc7c62e23271ecd91ea1c2ddf21cfac)] -> id: user-name]
2023-08-05 16:08:235 INFO  LoginPage :43 - Enter userName field :[[ChromeDriver: chrome on WINDOWS (afc7c62e23271ecd91ea1c2ddf21cfac)] -> id: password][[ChromeDriver: chrome on WINDOWS (afc7c62e23271ecd91ea1c2ddf21cfac)] -> id: password]
2023-08-05 16:08:436 INFO  LoginPage :48 - click on Login button[[ChromeDriver: chrome on WINDOWS (afc7c62e23271ecd91ea1c2ddf21cfac)] -> id: login-button]
2023-08-05 16:08:496 INFO  LoginPage :53 - verify product text[[ChromeDriver: chrome on WINDOWS (afc7c62e23271ecd91ea1c2ddf21cfac)] -> xpath: //span[@class = 'title']]
2023-08-05 16:08:203 INFO  LoginPage :66 - Enter userName field :[[ChromeDriver: chrome on WINDOWS (61fb17cd37dc0372b4c5ce9cbb76b603)] -> id: user-name][[ChromeDriver: chrome on WINDOWS (61fb17cd37dc0372b4c5ce9cbb76b603)] -> id: user-name]
2023-08-05 16:08:486 INFO  LoginPage :70 - Enter userName field :[[ChromeDriver: chrome on WINDOWS (61fb17cd37dc0372b4c5ce9cbb76b603)] -> id: password][[ChromeDriver: chrome on WINDOWS (61fb17cd37dc0372b4c5ce9cbb76b603)] -> id: password]
2023-08-05 16:08:638 INFO  LoginPage :48 - click on Login button[[ChromeDriver: chrome on WINDOWS (61fb17cd37dc0372b4c5ce9cbb76b603)] -> id: login-button]
2023-08-05 16:08:244 INFO  LoginPage :43 - Enter userName field :[[ChromeDriver: chrome on WINDOWS (9ee7c52cb27a67cf2232a9bacb70f4da)] -> id: user-name][[ChromeDriver: chrome on WINDOWS (9ee7c52cb27a67cf2232a9bacb70f4da)] -> id: user-name]
2023-08-05 16:08:422 INFO  LoginPage :48 - Enter userName field :[[ChromeDriver: chrome on WINDOWS (9ee7c52cb27a67cf2232a9bacb70f4da)] -> id: password][[ChromeDriver: chrome on WINDOWS (9ee7c52cb27a67cf2232a9bacb70f4da)] -> id: password]
2023-08-05 16:08:682 INFO  LoginPage :53 - click on Login button[[ChromeDriver: chrome on WINDOWS (9ee7c52cb27a67cf2232a9bacb70f4da)] -> id: login-button]
2023-08-05 16:08:741 INFO  LoginPage :58 - verify product text[[ChromeDriver: chrome on WINDOWS (9ee7c52cb27a67cf2232a9bacb70f4da)] -> xpath: //span[@class = 'title']]
2023-08-05 16:08:132 INFO  LoginPage :71 - Enter userName field :[[ChromeDriver: chrome on WINDOWS (f075c6bcf9d4b542ce86145d918bc262)] -> id: user-name][[ChromeDriver: chrome on WINDOWS (f075c6bcf9d4b542ce86145d918bc262)] -> id: user-name]
2023-08-05 16:08:285 INFO  LoginPage :75 - Enter userName field :[[ChromeDriver: chrome on WINDOWS (f075c6bcf9d4b542ce86145d918bc262)] -> id: password][[ChromeDriver: chrome on WINDOWS (f075c6bcf9d4b542ce86145d918bc262)] -> id: password]
2023-08-05 16:08:420 INFO  LoginPage :53 - click on Login button[[ChromeDriver: chrome on WINDOWS (f075c6bcf9d4b542ce86145d918bc262)] -> id: login-button]
2023-08-05 16:08:852 INFO  LoginPage :71 - Enter userName field :[[ChromeDriver: chrome on WINDOWS (9353bdc0c69a5bce4452d9573de9601f)] -> id: user-name][[ChromeDriver: chrome on WINDOWS (9353bdc0c69a5bce4452d9573de9601f)] -> id: user-name]
2023-08-05 16:08:980 INFO  LoginPage :75 - Enter userName field :[[ChromeDriver: chrome on WINDOWS (9353bdc0c69a5bce4452d9573de9601f)] -> id: password][[ChromeDriver: chrome on WINDOWS (9353bdc0c69a5bce4452d9573de9601f)] -> id: password]
2023-08-05 16:08:123 INFO  LoginPage :53 - click on Login button[[ChromeDriver: chrome on WINDOWS (9353bdc0c69a5bce4452d9573de9601f)] -> id: login-button]
2023-08-05 16:08:171 INFO  LoginPage :78 - verify Error Message[[ChromeDriver: chrome on WINDOWS (9353bdc0c69a5bce4452d9573de9601f)] -> xpath: //h3[contains(text(),'Epic sadface: Username and password do not match a')]]
2023-08-05 17:08:347 INFO  LoginPage :43 - Enter userName field :[[ChromeDriver: chrome on WINDOWS (d831c9561b19e73323b83b97e5b85e73)] -> id: user-name][[ChromeDriver: chrome on WINDOWS (d831c9561b19e73323b83b97e5b85e73)] -> id: user-name]
2023-08-05 17:08:543 INFO  LoginPage :48 - Enter userName field :[[ChromeDriver: chrome on WINDOWS (d831c9561b19e73323b83b97e5b85e73)] -> id: password][[ChromeDriver: chrome on WINDOWS (d831c9561b19e73323b83b97e5b85e73)] -> id: password]
2023-08-05 17:08:744 INFO  LoginPage :53 - click on Login button[[ChromeDriver: chrome on WINDOWS (d831c9561b19e73323b83b97e5b85e73)] -> id: login-button]
2023-08-05 17:08:802 INFO  LoginPage :58 - verify product text[[ChromeDriver: chrome on WINDOWS (d831c9561b19e73323b83b97e5b85e73)] -> xpath: //span[@class = 'title']]
2023-08-05 17:08:956 INFO  LoginPage :71 - Enter userName field :[[ChromeDriver: chrome on WINDOWS (a0d598598373319df1819c4c4455c6d3)] -> id: user-name][[ChromeDriver: chrome on WINDOWS (a0d598598373319df1819c4c4455c6d3)] -> id: user-name]
2023-08-05 17:08:153 INFO  LoginPage :75 - Enter userName field :[[ChromeDriver: chrome on WINDOWS (a0d598598373319df1819c4c4455c6d3)] -> id: password][[ChromeDriver: chrome on WINDOWS (a0d598598373319df1819c4c4455c6d3)] -> id: password]
2023-08-05 17:08:306 INFO  LoginPage :53 - click on Login button[[ChromeDriver: chrome on WINDOWS (a0d598598373319df1819c4c4455c6d3)] -> id: login-button]
2023-08-05 17:08:217 INFO  LoginPage :71 - Enter userName field :[[ChromeDriver: chrome on WINDOWS (9d28a1bfb04e733e2e06ed087af2f0c4)] -> id: user-name][[ChromeDriver: chrome on WINDOWS (9d28a1bfb04e733e2e06ed087af2f0c4)] -> id: user-name]
2023-08-05 17:08:377 INFO  LoginPage :75 - Enter userName field :[[ChromeDriver: chrome on WINDOWS (9d28a1bfb04e733e2e06ed087af2f0c4)] -> id: password][[ChromeDriver: chrome on WINDOWS (9d28a1bfb04e733e2e06ed087af2f0c4)] -> id: password]
2023-08-05 17:08:523 INFO  LoginPage :53 - click on Login button[[ChromeDriver: chrome on WINDOWS (9d28a1bfb04e733e2e06ed087af2f0c4)] -> id: login-button]
2023-08-05 17:08:574 INFO  LoginPage :78 - verify Error Message[[ChromeDriver: chrome on WINDOWS (9d28a1bfb04e733e2e06ed087af2f0c4)] -> xpath: //h3[contains(text(),'Epic sadface: Username and password do not match a')]]
2023-08-05 17:08:615 INFO  LoginPage :43 - Enter userName field :[[ChromeDriver: chrome on WINDOWS (3436925d082080b65cac4bc161bda5c1)] -> id: user-name][[ChromeDriver: chrome on WINDOWS (3436925d082080b65cac4bc161bda5c1)] -> id: user-name]
2023-08-05 17:08:777 INFO  LoginPage :48 - Enter userName field :[[ChromeDriver: chrome on WINDOWS (3436925d082080b65cac4bc161bda5c1)] -> id: password][[ChromeDriver: chrome on WINDOWS (3436925d082080b65cac4bc161bda5c1)] -> id: password]
2023-08-05 17:08:980 INFO  LoginPage :53 - click on Login button[[ChromeDriver: chrome on WINDOWS (3436925d082080b65cac4bc161bda5c1)] -> id: login-button]
2023-08-05 17:08:22 INFO  LoginPage :58 - verify product text[[ChromeDriver: chrome on WINDOWS (3436925d082080b65cac4bc161bda5c1)] -> xpath: //span[@class = 'title']]
2023-08-05 17:08:948 INFO  LoginPage :71 - Enter userName field :[[ChromeDriver: chrome on WINDOWS (24d9c8c14445da0d5852f86f7b0a4ab0)] -> id: user-name][[ChromeDriver: chrome on WINDOWS (24d9c8c14445da0d5852f86f7b0a4ab0)] -> id: user-name]
2023-08-05 17:08:107 INFO  LoginPage :75 - Enter userName field :[[ChromeDriver: chrome on WINDOWS (24d9c8c14445da0d5852f86f7b0a4ab0)] -> id: password][[ChromeDriver: chrome on WINDOWS (24d9c8c14445da0d5852f86f7b0a4ab0)] -> id: password]
2023-08-05 17:08:241 INFO  LoginPage :53 - click on Login button[[ChromeDriver: chrome on WINDOWS (24d9c8c14445da0d5852f86f7b0a4ab0)] -> id: login-button]
2023-08-05 17:08:995 INFO  LoginPage :71 - Enter userName field :[[ChromeDriver: chrome on WINDOWS (c3d94beff49d3148ba848c404523cc97)] -> id: user-name][[ChromeDriver: chrome on WINDOWS (c3d94beff49d3148ba848c404523cc97)] -> id: user-name]
2023-08-05 17:08:291 INFO  LoginPage :75 - Enter userName field :[[ChromeDriver: chrome on WINDOWS (c3d94beff49d3148ba848c404523cc97)] -> id: password][[ChromeDriver: chrome on WINDOWS (c3d94beff49d3148ba848c404523cc97)] -> id: password]
2023-08-05 17:08:442 INFO  LoginPage :53 - click on Login button[[ChromeDriver: chrome on WINDOWS (c3d94beff49d3148ba848c404523cc97)] -> id: login-button]
2023-08-05 17:08:497 INFO  LoginPage :78 - verify Error Message[[ChromeDriver: chrome on WINDOWS (c3d94beff49d3148ba848c404523cc97)] -> xpath: //h3[contains(text(),'Epic sadface: Username and password do not match a')]]
2023-08-05 17:08:453 INFO  LoginPage :43 - Enter userName field :[[ChromeDriver: chrome on WINDOWS (64bd07d5ab99faa40ec2379ad71ba21f)] -> id: user-name][[ChromeDriver: chrome on WINDOWS (64bd07d5ab99faa40ec2379ad71ba21f)] -> id: user-name]
2023-08-05 17:08:604 INFO  LoginPage :47 - Enter userName field :[[ChromeDriver: chrome on WINDOWS (64bd07d5ab99faa40ec2379ad71ba21f)] -> id: password][[ChromeDriver: chrome on WINDOWS (64bd07d5ab99faa40ec2379ad71ba21f)] -> id: password]
2023-08-05 17:08:837 INFO  LoginPage :52 - click on Login button[[ChromeDriver: chrome on WINDOWS (64bd07d5ab99faa40ec2379ad71ba21f)] -> id: login-button]
2023-08-05 17:08:43 INFO  PurchasePage :28 - click Sauce labs backpack[[ChromeDriver: chrome on WINDOWS (64bd07d5ab99faa40ec2379ad71ba21f)] -> xpath: //div[normalize-space()='Sauce Labs Backpack']]
2023-08-05 17:08:190 INFO  PurchasePage :32 - click on Add to cart[[ChromeDriver: chrome on WINDOWS (64bd07d5ab99faa40ec2379ad71ba21f)] -> xpath: //button[@id='add-to-cart-sauce-labs-backpack']]
2023-08-05 18:08:774 INFO  LoginPage :43 - Enter userName field :[[ChromeDriver: chrome on WINDOWS (7b7c2c5c846a51a0b407f9e105a5032a)] -> id: user-name][[ChromeDriver: chrome on WINDOWS (7b7c2c5c846a51a0b407f9e105a5032a)] -> id: user-name]
2023-08-05 18:08:919 INFO  LoginPage :47 - Enter userName field :[[ChromeDriver: chrome on WINDOWS (7b7c2c5c846a51a0b407f9e105a5032a)] -> id: password][[ChromeDriver: chrome on WINDOWS (7b7c2c5c846a51a0b407f9e105a5032a)] -> id: password]
2023-08-05 18:08:142 INFO  LoginPage :52 - click on Login button[[ChromeDriver: chrome on WINDOWS (7b7c2c5c846a51a0b407f9e105a5032a)] -> id: login-button]
2023-08-05 18:08:359 INFO  PurchasePage :57 - click Sauce labs backpack[[ChromeDriver: chrome on WINDOWS (7b7c2c5c846a51a0b407f9e105a5032a)] -> xpath: //div[normalize-space()='Sauce Labs Backpack']]
2023-08-05 18:08:479 INFO  PurchasePage :61 - click on Add to cart[[ChromeDriver: chrome on WINDOWS (7b7c2c5c846a51a0b407f9e105a5032a)] -> xpath: //button[@id='add-to-cart-sauce-labs-backpack']]
2023-08-05 18:08:621 INFO  PurchasePage :65 - click on shopping cart[[ChromeDriver: chrome on WINDOWS (7b7c2c5c846a51a0b407f9e105a5032a)] -> xpath: //span[@class='shopping_cart_badge']]
2023-08-05 18:08:729 INFO  PurchasePage :71 - click on checkout[[ChromeDriver: chrome on WINDOWS (7b7c2c5c846a51a0b407f9e105a5032a)] -> xpath: //button[@id='checkout']]
2023-08-05 18:08:889 INFO  PurchasePage :76 - Enter First name [[ChromeDriver: chrome on WINDOWS (7b7c2c5c846a51a0b407f9e105a5032a)] -> xpath: //input[@id='first-name']]
2023-08-05 18:08:39 INFO  PurchasePage :81 - Enter Last name [[ChromeDriver: chrome on WINDOWS (7b7c2c5c846a51a0b407f9e105a5032a)] -> xpath: //input[@id='last-name']]
2023-08-05 18:08:191 INFO  PurchasePage :86 - Enter Zip Code[[ChromeDriver: chrome on WINDOWS (7b7c2c5c846a51a0b407f9e105a5032a)] -> xpath: //input[@id='postal-code']]
2023-08-05 18:08:317 INFO  PurchasePage :91 - Click On Continue Button[[ChromeDriver: chrome on WINDOWS (7b7c2c5c846a51a0b407f9e105a5032a)] -> xpath: //input[@id='continue']]
2023-08-05 18:08:445 INFO  PurchasePage :96 - Click On Finish Button[[ChromeDriver: chrome on WINDOWS (7b7c2c5c846a51a0b407f9e105a5032a)] -> xpath: //button[@id='finish']]
2023-08-05 18:08:471 INFO  PurchasePage :100 - Verify Thank You Text[[ChromeDriver: chrome on WINDOWS (7b7c2c5c846a51a0b407f9e105a5032a)] -> xpath: //h2[normalize-space()='Thank you for your order!']]
2023-08-05 18:08:584 INFO  LoginPage :43 - Enter userName field :[[ChromeDriver: chrome on WINDOWS (41837b150e68a7ec6d9df8ec2a6b3f71)] -> id: user-name][[ChromeDriver: chrome on WINDOWS (41837b150e68a7ec6d9df8ec2a6b3f71)] -> id: user-name]
2023-08-05 18:08:764 INFO  LoginPage :47 - Enter userName field :[[ChromeDriver: chrome on WINDOWS (41837b150e68a7ec6d9df8ec2a6b3f71)] -> id: password][[ChromeDriver: chrome on WINDOWS (41837b150e68a7ec6d9df8ec2a6b3f71)] -> id: password]
2023-08-05 18:08:941 INFO  LoginPage :52 - click on Login button[[ChromeDriver: chrome on WINDOWS (41837b150e68a7ec6d9df8ec2a6b3f71)] -> id: login-button]
2023-08-05 18:08:159 INFO  PurchasePage :57 - click Sauce labs backpack[[ChromeDriver: chrome on WINDOWS (41837b150e68a7ec6d9df8ec2a6b3f71)] -> xpath: //div[normalize-space()='Sauce Labs Backpack']]
2023-08-05 18:08:297 INFO  PurchasePage :61 - click on Add to cart[[ChromeDriver: chrome on WINDOWS (41837b150e68a7ec6d9df8ec2a6b3f71)] -> xpath: //button[@id='add-to-cart-sauce-labs-backpack']]
2023-08-05 18:08:471 INFO  PurchasePage :65 - click on shopping cart[[ChromeDriver: chrome on WINDOWS (41837b150e68a7ec6d9df8ec2a6b3f71)] -> xpath: //span[@class='shopping_cart_badge']]
2023-08-05 18:08:597 INFO  PurchasePage :71 - click on checkout[[ChromeDriver: chrome on WINDOWS (41837b150e68a7ec6d9df8ec2a6b3f71)] -> xpath: //button[@id='checkout']]
2023-08-05 18:08:791 INFO  PurchasePage :76 - Enter First name [[ChromeDriver: chrome on WINDOWS (41837b150e68a7ec6d9df8ec2a6b3f71)] -> xpath: //input[@id='first-name']]
2023-08-05 18:08:940 INFO  PurchasePage :81 - Enter Last name [[ChromeDriver: chrome on WINDOWS (41837b150e68a7ec6d9df8ec2a6b3f71)] -> xpath: //input[@id='last-name']]
2023-08-05 18:08:109 INFO  PurchasePage :86 - Enter Zip Code[[ChromeDriver: chrome on WINDOWS (41837b150e68a7ec6d9df8ec2a6b3f71)] -> xpath: //input[@id='postal-code']]
2023-08-05 18:08:270 INFO  PurchasePage :91 - Click On Continue Button[[ChromeDriver: chrome on WINDOWS (41837b150e68a7ec6d9df8ec2a6b3f71)] -> xpath: //input[@id='continue']]
2023-08-05 18:08:385 INFO  PurchasePage :96 - Click On Finish Button[[ChromeDriver: chrome on WINDOWS (41837b150e68a7ec6d9df8ec2a6b3f71)] -> xpath: //button[@id='finish']]
2023-08-05 18:08:420 INFO  PurchasePage :100 - Verify Thank You Text[[ChromeDriver: chrome on WINDOWS (41837b150e68a7ec6d9df8ec2a6b3f71)] -> xpath: //h2[normalize-space()='Thank you for your order!']]
2023-08-05 18:08:519 INFO  LoginPage :43 - Enter userName field :[[ChromeDriver: chrome on WINDOWS (0e625209c7269c4f3911d67687a81b74)] -> id: user-name][[ChromeDriver: chrome on WINDOWS (0e625209c7269c4f3911d67687a81b74)] -> id: user-name]
2023-08-05 18:08:689 INFO  LoginPage :47 - Enter userName field :[[ChromeDriver: chrome on WINDOWS (0e625209c7269c4f3911d67687a81b74)] -> id: password][[ChromeDriver: chrome on WINDOWS (0e625209c7269c4f3911d67687a81b74)] -> id: password]
2023-08-05 18:08:977 INFO  LoginPage :52 - click on Login button[[ChromeDriver: chrome on WINDOWS (0e625209c7269c4f3911d67687a81b74)] -> id: login-button]
2023-08-05 18:08:72 INFO  LoginPage :57 - verify product text[[ChromeDriver: chrome on WINDOWS (0e625209c7269c4f3911d67687a81b74)] -> xpath: //span[@class = 'title']]
2023-08-05 18:08:171 INFO  LoginPage :70 - Enter userName field :[[ChromeDriver: chrome on WINDOWS (f3d5dc0cb337a25e9dc0f6c30bb363f9)] -> id: user-name][[ChromeDriver: chrome on WINDOWS (f3d5dc0cb337a25e9dc0f6c30bb363f9)] -> id: user-name]
2023-08-05 18:08:434 INFO  LoginPage :74 - Enter userName field :[[ChromeDriver: chrome on WINDOWS (f3d5dc0cb337a25e9dc0f6c30bb363f9)] -> id: password][[ChromeDriver: chrome on WINDOWS (f3d5dc0cb337a25e9dc0f6c30bb363f9)] -> id: password]
2023-08-05 18:08:573 INFO  LoginPage :52 - click on Login button[[ChromeDriver: chrome on WINDOWS (f3d5dc0cb337a25e9dc0f6c30bb363f9)] -> id: login-button]
2023-08-05 18:08:363 INFO  LoginPage :70 - Enter userName field :[[ChromeDriver: chrome on WINDOWS (630bad2c450a89ac83fb8441ded66ead)] -> id: user-name][[ChromeDriver: chrome on WINDOWS (630bad2c450a89ac83fb8441ded66ead)] -> id: user-name]
2023-08-05 18:08:683 INFO  LoginPage :74 - Enter userName field :[[ChromeDriver: chrome on WINDOWS (630bad2c450a89ac83fb8441ded66ead)] -> id: password][[ChromeDriver: chrome on WINDOWS (630bad2c450a89ac83fb8441ded66ead)] -> id: password]
2023-08-05 18:08:921 INFO  LoginPage :52 - click on Login button[[ChromeDriver: chrome on WINDOWS (630bad2c450a89ac83fb8441ded66ead)] -> id: login-button]
2023-08-05 18:08:992 INFO  LoginPage :77 - verify Error Message[[ChromeDriver: chrome on WINDOWS (630bad2c450a89ac83fb8441ded66ead)] -> xpath: //h3[contains(text(),'Epic sadface: Username and password do not match a')]]
2023-08-06 00:08:408 INFO  LoginPage :52 - Enter userName field :[[ChromeDriver: chrome on WINDOWS (76f2acdfb4e8f9c9bd371a6fa99c048a)] -> id: user-name][[ChromeDriver: chrome on WINDOWS (76f2acdfb4e8f9c9bd371a6fa99c048a)] -> id: user-name]
2023-08-06 00:08:541 INFO  LoginPage :56 - Enter userName field :[[ChromeDriver: chrome on WINDOWS (76f2acdfb4e8f9c9bd371a6fa99c048a)] -> id: password][[ChromeDriver: chrome on WINDOWS (76f2acdfb4e8f9c9bd371a6fa99c048a)] -> id: password]
2023-08-06 00:08:716 INFO  LoginPage :61 - click on Login button[[ChromeDriver: chrome on WINDOWS (76f2acdfb4e8f9c9bd371a6fa99c048a)] -> id: login-button]
2023-08-06 00:08:828 INFO  PurchasePage :57 - click Sauce labs backpack[[ChromeDriver: chrome on WINDOWS (76f2acdfb4e8f9c9bd371a6fa99c048a)] -> xpath: //div[normalize-space()='Sauce Labs Backpack']]
2023-08-06 00:08:916 INFO  PurchasePage :61 - click on Add to cart[[ChromeDriver: chrome on WINDOWS (76f2acdfb4e8f9c9bd371a6fa99c048a)] -> xpath: //button[@id='add-to-cart-sauce-labs-backpack']]
2023-08-06 00:08:10 INFO  PurchasePage :65 - click on shopping cart[[ChromeDriver: chrome on WINDOWS (76f2acdfb4e8f9c9bd371a6fa99c048a)] -> xpath: //span[@class='shopping_cart_badge']]
2023-08-06 00:08:88 INFO  PurchasePage :71 - click on checkout[[ChromeDriver: chrome on WINDOWS (76f2acdfb4e8f9c9bd371a6fa99c048a)] -> xpath: //button[@id='checkout']]
2023-08-06 00:08:197 INFO  PurchasePage :76 - Enter First name [[ChromeDriver: chrome on WINDOWS (76f2acdfb4e8f9c9bd371a6fa99c048a)] -> xpath: //input[@id='first-name']]
2023-08-06 00:08:305 INFO  PurchasePage :81 - Enter Last name [[ChromeDriver: chrome on WINDOWS (76f2acdfb4e8f9c9bd371a6fa99c048a)] -> xpath: //input[@id='last-name']]
2023-08-06 00:08:420 INFO  PurchasePage :86 - Enter Zip Code[[ChromeDriver: chrome on WINDOWS (76f2acdfb4e8f9c9bd371a6fa99c048a)] -> xpath: //input[@id='postal-code']]
2023-08-06 00:08:517 INFO  PurchasePage :91 - Click On Continue Button[[ChromeDriver: chrome on WINDOWS (76f2acdfb4e8f9c9bd371a6fa99c048a)] -> xpath: //input[@id='continue']]
2023-08-06 00:08:590 INFO  PurchasePage :96 - Click On Finish Button[[ChromeDriver: chrome on WINDOWS (76f2acdfb4e8f9c9bd371a6fa99c048a)] -> xpath: //button[@id='finish']]
2023-08-06 00:08:611 INFO  PurchasePage :100 - Verify Thank You Text[[ChromeDriver: chrome on WINDOWS (76f2acdfb4e8f9c9bd371a6fa99c048a)] -> xpath: //h2[normalize-space()='Thank you for your order!']]
2023-08-06 00:08:209 INFO  LoginPage :52 - Enter userName field :[[ChromeDriver: chrome on WINDOWS (4e5cd0097e9f1cb09559f3fd46161505)] -> id: user-name][[ChromeDriver: chrome on WINDOWS (4e5cd0097e9f1cb09559f3fd46161505)] -> id: user-name]
2023-08-06 00:08:327 INFO  LoginPage :56 - Enter userName field :[[ChromeDriver: chrome on WINDOWS (4e5cd0097e9f1cb09559f3fd46161505)] -> id: password][[ChromeDriver: chrome on WINDOWS (4e5cd0097e9f1cb09559f3fd46161505)] -> id: password]
2023-08-06 00:08:467 INFO  LoginPage :61 - click on Login button[[ChromeDriver: chrome on WINDOWS (4e5cd0097e9f1cb09559f3fd46161505)] -> id: login-button]
2023-08-06 00:08:505 INFO  LoginPage :66 - verify product text[[ChromeDriver: chrome on WINDOWS (4e5cd0097e9f1cb09559f3fd46161505)] -> xpath: //span[@class = 'title']]
2023-08-06 00:08:714 INFO  LoginPage :79 - Enter userName field :[[ChromeDriver: chrome on WINDOWS (223957cad55a2957122271a95c9863c0)] -> id: user-name][[ChromeDriver: chrome on WINDOWS (223957cad55a2957122271a95c9863c0)] -> id: user-name]
2023-08-06 00:08:840 INFO  LoginPage :83 - Enter userName field :[[ChromeDriver: chrome on WINDOWS (223957cad55a2957122271a95c9863c0)] -> id: password][[ChromeDriver: chrome on WINDOWS (223957cad55a2957122271a95c9863c0)] -> id: password]
2023-08-06 00:08:930 INFO  LoginPage :61 - click on Login button[[ChromeDriver: chrome on WINDOWS (223957cad55a2957122271a95c9863c0)] -> id: login-button]
2023-08-06 00:08:184 INFO  LoginPage :79 - Enter userName field :[[ChromeDriver: chrome on WINDOWS (e4fc0bf2db663ca9e0a32ef0d01b7a7c)] -> id: user-name][[ChromeDriver: chrome on WINDOWS (e4fc0bf2db663ca9e0a32ef0d01b7a7c)] -> id: user-name]
2023-08-06 00:08:317 INFO  LoginPage :83 - Enter userName field :[[ChromeDriver: chrome on WINDOWS (e4fc0bf2db663ca9e0a32ef0d01b7a7c)] -> id: password][[ChromeDriver: chrome on WINDOWS (e4fc0bf2db663ca9e0a32ef0d01b7a7c)] -> id: password]
2023-08-06 00:08:400 INFO  LoginPage :61 - click on Login button[[ChromeDriver: chrome on WINDOWS (e4fc0bf2db663ca9e0a32ef0d01b7a7c)] -> id: login-button]
2023-08-06 00:08:429 INFO  LoginPage :86 - verify Error Message[[ChromeDriver: chrome on WINDOWS (e4fc0bf2db663ca9e0a32ef0d01b7a7c)] -> xpath: //h3[contains(text(),'Epic sadface: Username and password do not match a')]]
2023-08-06 00:08:777 INFO  LoginPage :61 - Enter userName field :[[ChromeDriver: chrome on WINDOWS (0760d0f874ea7210a61f209752ca8881)] -> id: user-name][[ChromeDriver: chrome on WINDOWS (0760d0f874ea7210a61f209752ca8881)] -> id: user-name]
2023-08-06 00:08:900 INFO  LoginPage :65 - Enter userName field :[[ChromeDriver: chrome on WINDOWS (0760d0f874ea7210a61f209752ca8881)] -> id: password][[ChromeDriver: chrome on WINDOWS (0760d0f874ea7210a61f209752ca8881)] -> id: password]
2023-08-06 00:08:68 INFO  LoginPage :70 - click on Login button[[ChromeDriver: chrome on WINDOWS (0760d0f874ea7210a61f209752ca8881)] -> id: login-button]
2023-08-06 00:08:201 INFO  PurchasePage :57 - click Sauce labs backpack[[ChromeDriver: chrome on WINDOWS (0760d0f874ea7210a61f209752ca8881)] -> xpath: //div[normalize-space()='Sauce Labs Backpack']]
2023-08-06 00:08:310 INFO  PurchasePage :61 - click on Add to cart[[ChromeDriver: chrome on WINDOWS (0760d0f874ea7210a61f209752ca8881)] -> xpath: //button[@id='add-to-cart-sauce-labs-backpack']]
2023-08-06 00:08:430 INFO  PurchasePage :65 - click on shopping cart[[ChromeDriver: chrome on WINDOWS (0760d0f874ea7210a61f209752ca8881)] -> xpath: //span[@class='shopping_cart_badge']]
2023-08-06 00:08:532 INFO  PurchasePage :71 - click on checkout[[ChromeDriver: chrome on WINDOWS (0760d0f874ea7210a61f209752ca8881)] -> xpath: //button[@id='checkout']]
2023-08-06 00:08:642 INFO  PurchasePage :76 - Enter First name [[ChromeDriver: chrome on WINDOWS (0760d0f874ea7210a61f209752ca8881)] -> xpath: //input[@id='first-name']]
2023-08-06 00:08:757 INFO  PurchasePage :81 - Enter Last name [[ChromeDriver: chrome on WINDOWS (0760d0f874ea7210a61f209752ca8881)] -> xpath: //input[@id='last-name']]
2023-08-06 00:08:880 INFO  PurchasePage :86 - Enter Zip Code[[ChromeDriver: chrome on WINDOWS (0760d0f874ea7210a61f209752ca8881)] -> xpath: //input[@id='postal-code']]
2023-08-06 00:08:986 INFO  PurchasePage :91 - Click On Continue Button[[ChromeDriver: chrome on WINDOWS (0760d0f874ea7210a61f209752ca8881)] -> xpath: //input[@id='continue']]
2023-08-06 00:08:70 INFO  PurchasePage :96 - Click On Finish Button[[ChromeDriver: chrome on WINDOWS (0760d0f874ea7210a61f209752ca8881)] -> xpath: //button[@id='finish']]
2023-08-06 00:08:94 INFO  PurchasePage :100 - Verify Thank You Text[[ChromeDriver: chrome on WINDOWS (0760d0f874ea7210a61f209752ca8881)] -> xpath: //h2[normalize-space()='Thank you for your order!']]
2023-08-06 00:08:691 INFO  LoginPage :61 - Enter userName field :[[ChromeDriver: chrome on WINDOWS (b7762659c162407c6147682f74edb1fc)] -> id: user-name][[ChromeDriver: chrome on WINDOWS (b7762659c162407c6147682f74edb1fc)] -> id: user-name]
2023-08-06 00:08:818 INFO  LoginPage :65 - Enter userName field :[[ChromeDriver: chrome on WINDOWS (b7762659c162407c6147682f74edb1fc)] -> id: password][[ChromeDriver: chrome on WINDOWS (b7762659c162407c6147682f74edb1fc)] -> id: password]
2023-08-06 00:08:09 INFO  LoginPage :70 - click on Login button[[ChromeDriver: chrome on WINDOWS (b7762659c162407c6147682f74edb1fc)] -> id: login-button]
2023-08-06 00:08:44 INFO  LoginPage :75 - verify product text[[ChromeDriver: chrome on WINDOWS (b7762659c162407c6147682f74edb1fc)] -> xpath: //span[@class = 'title']]
2023-08-06 00:08:404 INFO  LoginPage :87 - Enter userName field :[[ChromeDriver: chrome on WINDOWS (b4b4a62cb969a04ba95793dcc4fd6c6b)] -> id: user-name][[ChromeDriver: chrome on WINDOWS (b4b4a62cb969a04ba95793dcc4fd6c6b)] -> id: user-name]
2023-08-06 00:08:535 INFO  LoginPage :91 - Enter userName field :[[ChromeDriver: chrome on WINDOWS (b4b4a62cb969a04ba95793dcc4fd6c6b)] -> id: password][[ChromeDriver: chrome on WINDOWS (b4b4a62cb969a04ba95793dcc4fd6c6b)] -> id: password]
2023-08-06 00:08:632 INFO  LoginPage :70 - click on Login button[[ChromeDriver: chrome on WINDOWS (b4b4a62cb969a04ba95793dcc4fd6c6b)] -> id: login-button]
2023-08-06 00:08:13 INFO  LoginPage :87 - Enter userName field :[[ChromeDriver: chrome on WINDOWS (bcf626946392c82d7641cd498fa92f2a)] -> id: user-name][[ChromeDriver: chrome on WINDOWS (bcf626946392c82d7641cd498fa92f2a)] -> id: user-name]
2023-08-06 00:08:178 INFO  LoginPage :91 - Enter userName field :[[ChromeDriver: chrome on WINDOWS (bcf626946392c82d7641cd498fa92f2a)] -> id: password][[ChromeDriver: chrome on WINDOWS (bcf626946392c82d7641cd498fa92f2a)] -> id: password]
2023-08-06 00:08:276 INFO  LoginPage :70 - click on Login button[[ChromeDriver: chrome on WINDOWS (bcf626946392c82d7641cd498fa92f2a)] -> id: login-button]
2023-08-06 00:08:305 INFO  LoginPage :94 - verify Error Message[[ChromeDriver: chrome on WINDOWS (bcf626946392c82d7641cd498fa92f2a)] -> xpath: //h3[contains(text(),'Epic sadface: Username and password do not match a')]]
2023-08-06 14:08:76 INFO  LoginPage :58 - Enter userName field :[[ChromeDriver: chrome on WINDOWS (860da056da07e68f818a59b45b861d2a)] -> id: user-name][[ChromeDriver: chrome on WINDOWS (860da056da07e68f818a59b45b861d2a)] -> id: user-name]
2023-08-06 14:08:182 INFO  LoginPage :63 - Enter userName field :[[ChromeDriver: chrome on WINDOWS (860da056da07e68f818a59b45b861d2a)] -> id: password][[ChromeDriver: chrome on WINDOWS (860da056da07e68f818a59b45b861d2a)] -> id: password]
2023-08-06 14:08:308 INFO  LoginPage :69 - click on Login button[[ChromeDriver: chrome on WINDOWS (860da056da07e68f818a59b45b861d2a)] -> id: login-button]
2023-08-06 14:08:407 INFO  PurchasePage :70 - click Sauce labs backpack[[ChromeDriver: chrome on WINDOWS (860da056da07e68f818a59b45b861d2a)] -> xpath: //div[normalize-space()='Sauce Labs Backpack']]
2023-08-06 14:08:514 INFO  PurchasePage :76 - click on Add to cart[[ChromeDriver: chrome on WINDOWS (860da056da07e68f818a59b45b861d2a)] -> xpath: //button[@id='add-to-cart-sauce-labs-backpack']]
2023-08-06 14:08:588 INFO  PurchasePage :82 - click on shopping cart[[ChromeDriver: chrome on WINDOWS (860da056da07e68f818a59b45b861d2a)] -> xpath: //span[@class='shopping_cart_badge']]
2023-08-06 14:08:653 INFO  PurchasePage :90 - click on checkout[[ChromeDriver: chrome on WINDOWS (860da056da07e68f818a59b45b861d2a)] -> xpath: //button[@id='checkout']]
2023-08-06 14:08:741 INFO  PurchasePage :96 - Enter First name [[ChromeDriver: chrome on WINDOWS (860da056da07e68f818a59b45b861d2a)] -> xpath: //input[@id='first-name']]
2023-08-06 14:08:825 INFO  PurchasePage :103 - Enter Last name [[ChromeDriver: chrome on WINDOWS (860da056da07e68f818a59b45b861d2a)] -> xpath: //input[@id='last-name']]
2023-08-06 14:08:921 INFO  PurchasePage :109 - Enter Zip Code[[ChromeDriver: chrome on WINDOWS (860da056da07e68f818a59b45b861d2a)] -> xpath: //input[@id='postal-code']]
2023-08-06 14:08:996 INFO  PurchasePage :115 - Click On Continue Button[[ChromeDriver: chrome on WINDOWS (860da056da07e68f818a59b45b861d2a)] -> xpath: //input[@id='continue']]
2023-08-06 14:08:78 INFO  PurchasePage :122 - Click On Finish Button[[ChromeDriver: chrome on WINDOWS (860da056da07e68f818a59b45b861d2a)] -> xpath: //button[@id='finish']]
2023-08-06 14:08:96 INFO  PurchasePage :127 - Verify Thank You Text[[ChromeDriver: chrome on WINDOWS (860da056da07e68f818a59b45b861d2a)] -> xpath: //h2[normalize-space()='Thank you for your order!']]
2023-08-06 14:08:598 INFO  LoginPage :58 - Enter userName field :[[ChromeDriver: chrome on WINDOWS (e67485a1650759ab31ed6dfb91eec5a6)] -> id: user-name][[ChromeDriver: chrome on WINDOWS (e67485a1650759ab31ed6dfb91eec5a6)] -> id: user-name]
2023-08-06 14:08:690 INFO  LoginPage :63 - Enter userName field :[[ChromeDriver: chrome on WINDOWS (e67485a1650759ab31ed6dfb91eec5a6)] -> id: password][[ChromeDriver: chrome on WINDOWS (e67485a1650759ab31ed6dfb91eec5a6)] -> id: password]
2023-08-06 14:08:800 INFO  LoginPage :69 - click on Login button[[ChromeDriver: chrome on WINDOWS (e67485a1650759ab31ed6dfb91eec5a6)] -> id: login-button]
2023-08-06 14:08:831 INFO  LoginPage :73 - verify product text[[ChromeDriver: chrome on WINDOWS (e67485a1650759ab31ed6dfb91eec5a6)] -> xpath: //span[@class = 'title']]
2023-08-06 14:08:106 INFO  LoginPage :79 - Enter userName field :[[ChromeDriver: chrome on WINDOWS (bea7d2d47010d17ed3267204be573b59)] -> id: user-name][[ChromeDriver: chrome on WINDOWS (bea7d2d47010d17ed3267204be573b59)] -> id: user-name]
2023-08-06 14:08:199 INFO  LoginPage :85 - Enter userName field :[[ChromeDriver: chrome on WINDOWS (bea7d2d47010d17ed3267204be573b59)] -> id: password][[ChromeDriver: chrome on WINDOWS (bea7d2d47010d17ed3267204be573b59)] -> id: password]
2023-08-06 14:08:280 INFO  LoginPage :69 - click on Login button[[ChromeDriver: chrome on WINDOWS (bea7d2d47010d17ed3267204be573b59)] -> id: login-button]
2023-08-06 14:08:654 INFO  LoginPage :79 - Enter userName field :[[ChromeDriver: chrome on WINDOWS (7836b5feede2d760e52ab2877672fb8a)] -> id: user-name][[ChromeDriver: chrome on WINDOWS (7836b5feede2d760e52ab2877672fb8a)] -> id: user-name]
2023-08-06 14:08:737 INFO  LoginPage :85 - Enter userName field :[[ChromeDriver: chrome on WINDOWS (7836b5feede2d760e52ab2877672fb8a)] -> id: password][[ChromeDriver: chrome on WINDOWS (7836b5feede2d760e52ab2877672fb8a)] -> id: password]
2023-08-06 14:08:815 INFO  LoginPage :69 - click on Login button[[ChromeDriver: chrome on WINDOWS (7836b5feede2d760e52ab2877672fb8a)] -> id: login-button]
2023-08-06 14:08:836 INFO  LoginPage :89 - verify Error Message[[ChromeDriver: chrome on WINDOWS (7836b5feede2d760e52ab2877672fb8a)] -> xpath: //h3[contains(text(),'Epic sadface: Username and password do not match a')]]
2023-08-06 22:08:16 INFO  LoginPage :58 - Enter userName field :[[ChromeDriver: chrome on WINDOWS (895062b66d7b0bc502bf40e858ccf36f)] -> id: user-name][[ChromeDriver: chrome on WINDOWS (895062b66d7b0bc502bf40e858ccf36f)] -> id: user-name]
2023-08-06 22:08:150 INFO  LoginPage :63 - Enter userName field :[[ChromeDriver: chrome on WINDOWS (895062b66d7b0bc502bf40e858ccf36f)] -> id: password][[ChromeDriver: chrome on WINDOWS (895062b66d7b0bc502bf40e858ccf36f)] -> id: password]
2023-08-06 22:08:320 INFO  LoginPage :69 - click on Login button[[ChromeDriver: chrome on WINDOWS (895062b66d7b0bc502bf40e858ccf36f)] -> id: login-button]
2023-08-06 22:08:437 INFO  PurchasePage :70 - click Sauce labs backpack[[ChromeDriver: chrome on WINDOWS (895062b66d7b0bc502bf40e858ccf36f)] -> xpath: //div[normalize-space()='Sauce Labs Backpack']]
2023-08-06 22:08:539 INFO  PurchasePage :76 - click on Add to cart[[ChromeDriver: chrome on WINDOWS (895062b66d7b0bc502bf40e858ccf36f)] -> xpath: //button[@id='add-to-cart-sauce-labs-backpack']]
2023-08-06 22:08:647 INFO  PurchasePage :82 - click on shopping cart[[ChromeDriver: chrome on WINDOWS (895062b66d7b0bc502bf40e858ccf36f)] -> xpath: //span[@class='shopping_cart_badge']]
2023-08-06 22:08:749 INFO  PurchasePage :90 - click on checkout[[ChromeDriver: chrome on WINDOWS (895062b66d7b0bc502bf40e858ccf36f)] -> xpath: //button[@id='checkout']]
2023-08-06 22:08:881 INFO  PurchasePage :96 - Enter First name [[ChromeDriver: chrome on WINDOWS (895062b66d7b0bc502bf40e858ccf36f)] -> xpath: //input[@id='first-name']]
2023-08-06 22:08:08 INFO  PurchasePage :103 - Enter Last name [[ChromeDriver: chrome on WINDOWS (895062b66d7b0bc502bf40e858ccf36f)] -> xpath: //input[@id='last-name']]
2023-08-06 22:08:138 INFO  PurchasePage :109 - Enter Zip Code[[ChromeDriver: chrome on WINDOWS (895062b66d7b0bc502bf40e858ccf36f)] -> xpath: //input[@id='postal-code']]
2023-08-06 22:08:243 INFO  PurchasePage :115 - Click On Continue Button[[ChromeDriver: chrome on WINDOWS (895062b66d7b0bc502bf40e858ccf36f)] -> xpath: //input[@id='continue']]
2023-08-06 22:08:340 INFO  PurchasePage :122 - Click On Finish Button[[ChromeDriver: chrome on WINDOWS (895062b66d7b0bc502bf40e858ccf36f)] -> xpath: //button[@id='finish']]
2023-08-06 22:08:367 INFO  PurchasePage :127 - Verify Thank You Text[[ChromeDriver: chrome on WINDOWS (895062b66d7b0bc502bf40e858ccf36f)] -> xpath: //h2[normalize-space()='Thank you for your order!']]
2023-08-06 22:08:821 INFO  LoginPage :58 - Enter userName field :[[ChromeDriver: chrome on WINDOWS (58cd845c3b8dcd32d9d605ea669daec3)] -> id: user-name][[ChromeDriver: chrome on WINDOWS (58cd845c3b8dcd32d9d605ea669daec3)] -> id: user-name]
2023-08-06 22:08:961 INFO  LoginPage :63 - Enter userName field :[[ChromeDriver: chrome on WINDOWS (58cd845c3b8dcd32d9d605ea669daec3)] -> id: password][[ChromeDriver: chrome on WINDOWS (58cd845c3b8dcd32d9d605ea669daec3)] -> id: password]
2023-08-06 22:08:116 INFO  LoginPage :69 - click on Login button[[ChromeDriver: chrome on WINDOWS (58cd845c3b8dcd32d9d605ea669daec3)] -> id: login-button]
2023-08-06 22:08:151 INFO  LoginPage :73 - verify product text[[ChromeDriver: chrome on WINDOWS (58cd845c3b8dcd32d9d605ea669daec3)] -> xpath: //span[@class = 'title']]
2023-08-06 22:08:541 INFO  LoginPage :79 - Enter userName field :[[ChromeDriver: chrome on WINDOWS (487f3b0c2268a63b56bd56b05baa940b)] -> id: user-name][[ChromeDriver: chrome on WINDOWS (487f3b0c2268a63b56bd56b05baa940b)] -> id: user-name]
2023-08-06 22:08:677 INFO  LoginPage :85 - Enter userName field :[[ChromeDriver: chrome on WINDOWS (487f3b0c2268a63b56bd56b05baa940b)] -> id: password][[ChromeDriver: chrome on WINDOWS (487f3b0c2268a63b56bd56b05baa940b)] -> id: password]
2023-08-06 22:08:796 INFO  LoginPage :69 - click on Login button[[ChromeDriver: chrome on WINDOWS (487f3b0c2268a63b56bd56b05baa940b)] -> id: login-button]
2023-08-06 22:08:172 INFO  LoginPage :79 - Enter userName field :[[ChromeDriver: chrome on WINDOWS (537f8c4cd16deaa633002bb5ec7c6e0f)] -> id: user-name][[ChromeDriver: chrome on WINDOWS (537f8c4cd16deaa633002bb5ec7c6e0f)] -> id: user-name]
2023-08-06 22:08:317 INFO  LoginPage :85 - Enter userName field :[[ChromeDriver: chrome on WINDOWS (537f8c4cd16deaa633002bb5ec7c6e0f)] -> id: password][[ChromeDriver: chrome on WINDOWS (537f8c4cd16deaa633002bb5ec7c6e0f)] -> id: password]
2023-08-06 22:08:427 INFO  LoginPage :69 - click on Login button[[ChromeDriver: chrome on WINDOWS (537f8c4cd16deaa633002bb5ec7c6e0f)] -> id: login-button]
2023-08-06 22:08:456 INFO  LoginPage :89 - verify Error Message[[ChromeDriver: chrome on WINDOWS (537f8c4cd16deaa633002bb5ec7c6e0f)] -> xpath: //h3[contains(text(),'Epic sadface: Username and password do not match a')]]
